This is pdfTeX, Version 3.1415926-2.5-1.40.14 (TeX Live 2013) (format=latex 2013.10.17)  17 NOV 2013 15:33
entering extended mode
 restricted \write18 enabled.
 %&-line parsing enabled.
**$\gamma$

! Emergency stop.
<to be read again> 
                   \gamma 
<*> $\gamma
           $
End of file on the terminal!

 
Here is how much of TeX's memory you used:
 3 strings out of 493316
 95 string characters out of 6137929
 52155 words of memory out of 5000000
 3557 multiletter control sequences out of 15000+600000
 3640 words of font info for 14 fonts, out of 8000000 for 9000
 957 hyphenation exceptions out of 8191
 1i,0n,0p,10b,6s stack positions out of 5000i,500n,10000p,200000b,80000s
No pages of output.
